# JRE version: Java(TM) SE Runtime Environment (8.0_151-b12) (build 1.8.0_151-b12)
# Java VM: Java HotSpot(TM) 64-Bit Server VM (25.151-b12 mixed mode windows-amd64 compressed oops)
Heap:
 PSYoungGen      total 627200K, used 564889K [0x00000000d5580000, 0x00000000ff900000, 0x0000000100000000)
  eden space 571904K, 93% used [0x00000000d5580000,0x00000000f61071d0,0x00000000f8400000)
  from space 55296K, 52% used [0x00000000fc300000,0x00000000fdf1f5b0,0x00000000ff900000)
  to   space 59904K, 0% used [0x00000000f8400000,0x00000000f8400000,0x00000000fbe80000)
 ParOldGen       total 289792K, used 187996K [0x0000000080000000, 0x0000000091b00000, 0x00000000d5580000)
  object space 289792K, 64% used [0x0000000080000000,0x000000008b797358,0x0000000091b00000)
 Metaspace       used 160599K, capacity 168316K, committed 168448K, reserved 1196032K
  class space    used 20322K, capacity 21745K, committed 21760K, reserved 1048576K
GC Heap History (10 events):
Event: 802.153 GC heap before
{Heap before GC invocations=55 (full 5):
 PSYoungGen      total 644096K, used 614223K [0x00000000d5580000, 0x0000000100000000, 0x0000000100000000)
  eden space 589312K, 100% used [0x00000000d5580000,0x00000000f9500000,0x00000000f9500000)
  from space 54784K, 45% used [0x00000000f9500000,0x00000000fad53e78,0x00000000fca80000)
  to   space 53248K, 0% used [0x00000000fcc00000,0x00000000fcc00000,0x0000000100000000)
 ParOldGen       total 289792K, used 182484K [0x0000000080000000, 0x0000000091b00000, 0x00000000d5580000)
  object space 289792K, 62% used [0x0000000080000000,0x000000008b235270,0x0000000091b00000)
 Metaspace       used 137019K, capacity 142836K, committed 143104K, reserved 1173504K
  class space    used 17496K, capacity 18586K, committed 18688K, reserved 1048576K
Event: 802.243 GC heap after
Heap after GC invocations=55 (full 5):
 PSYoungGen      total 637440K, used 41180K [0x00000000d5580000, 0x0000000100000000, 0x0000000100000000)
  eden space 584192K, 0% used [0x00000000d5580000,0x00000000d5580000,0x00000000f9000000)
  from space 53248K, 77% used [0x00000000fcc00000,0x00000000ff4373b8,0x0000000100000000)
  to   space 57344K, 0% used [0x00000000f9000000,0x00000000f9000000,0x00000000fc800000)
 ParOldGen       total 289792K, used 182492K [0x0000000080000000, 0x0000000091b00000, 0x00000000d5580000)
  object space 289792K, 62% used [0x0000000080000000,0x000000008b237270,0x0000000091b00000)
 Metaspace       used 137019K, capacity 142836K, committed 143104K, reserved 1173504K
  class space    used 17496K, capacity 18586K, committed 18688K, reserved 1048576K
}
Event: 881.839 GC heap before
{Heap before GC invocations=56 (full 5):
 PSYoungGen      total 637440K, used 625372K [0x00000000d5580000, 0x0000000100000000, 0x0000000100000000)
  eden space 584192K, 100% used [0x00000000d5580000,0x00000000f9000000,0x00000000f9000000)
  from space 53248K, 77% used [0x00000000fcc00000,0x00000000ff4373b8,0x0000000100000000)
  to   space 57344K, 0% used [0x00000000f9000000,0x00000000f9000000,0x00000000fc800000)
 ParOldGen       total 289792K, used 182492K [0x0000000080000000, 0x0000000091b00000, 0x00000000d5580000)
  object space 289792K, 62% used [0x0000000080000000,0x000000008b237270,0x0000000091b00000)
 Metaspace       used 139372K, capacity 145330K, committed 145664K, reserved 1175552K
  class space    used 17722K, capacity 18861K, committed 18944K, reserved 1048576K
Event: 881.911 GC heap after
Heap after GC invocations=56 (full 5):
 PSYoungGen      total 641536K, used 57335K [0x00000000d5580000, 0x0000000100000000, 0x0000000100000000)
  eden space 584192K, 0% used [0x00000000d5580000,0x00000000d5580000,0x00000000f9000000)
  from space 57344K, 99% used [0x00000000f9000000,0x00000000fc7fdc28,0x00000000fc800000)
  to   space 57344K, 0% used [0x00000000fc800000,0x00000000fc800000,0x0000000100000000)
 ParOldGen       total 289792K, used 186656K [0x0000000080000000, 0x0000000091b00000, 0x00000000d5580000)
  object space 289792K, 64% used [0x0000000080000000,0x000000008b6480b0,0x0000000091b00000)
 Metaspace       used 139372K, capacity 145330K, committed 145664K, reserved 1175552K
  class space    used 17722K, capacity 18861K, committed 18944K, reserved 1048576K
}
Event: 989.490 GC heap before
{Heap before GC invocations=57 (full 5):
 PSYoungGen      total 641536K, used 641527K [0x00000000d5580000, 0x0000000100000000, 0x0000000100000000)
  eden space 584192K, 100% used [0x00000000d5580000,0x00000000f9000000,0x00000000f9000000)
  from space 57344K, 99% used [0x00000000f9000000,0x00000000fc7fdc28,0x00000000fc800000)
  to   space 57344K, 0% used [0x00000000fc800000,0x00000000fc800000,0x0000000100000000)
 ParOldGen       total 289792K, used 186656K [0x0000000080000000, 0x0000000091b00000, 0x00000000d5580000)
  object space 289792K, 64% used [0x0000000080000000,0x000000008b6480b0,0x0000000091b00000)
 Metaspace       used 144342K, capacity 150500K, committed 150784K, reserved 1181696K
  class space    used 18294K, capacity 19446K, committed 19456K, reserved 1048576K
Event: 989.560 GC heap after
Heap after GC invocations=57 (full 5):
 PSYoungGen      total 627200K, used 24305K [0x00000000d5580000, 0x0000000100000000, 0x0000000100000000)
  eden space 569856K, 0% used [0x00000000d5580000,0x00000000d5580000,0x00000000f8200000)
  from space 57344K, 42% used [0x00000000fc800000,0x00000000fdfbc608,0x0000000100000000)
  to   space 64512K, 0% used [0x00000000f8200000,0x00000000f8200000,0x00000000fc100000)
 ParOldGen       total 289792K, used 187980K [0x0000000080000000, 0x0000000091b00000, 0x00000000d5580000)
  object space 289792K, 64% used [0x0000000080000000,0x000000008b793358,0x0000000091b00000)
 Metaspace       used 144342K, capacity 150500K, committed 150784K, reserved 1181696K
  class space    used 18294K, capacity 19446K, committed 19456K, reserved 1048576K
}
Event: 1035.056 GC heap before
{Heap before GC invocations=58 (full 5):
 PSYoungGen      total 627200K, used 594161K [0x00000000d5580000, 0x0000000100000000, 0x0000000100000000)
  eden space 569856K, 100% used [0x00000000d5580000,0x00000000f8200000,0x00000000f8200000)
  from space 57344K, 42% used [0x00000000fc800000,0x00000000fdfbc608,0x0000000100000000)
  to   space 64512K, 0% used [0x00000000f8200000,0x00000000f8200000,0x00000000fc100000)
 ParOldGen       total 289792K, used 187980K [0x0000000080000000, 0x0000000091b00000, 0x00000000d5580000)
  object space 289792K, 64% used [0x0000000080000000,0x000000008b793358,0x0000000091b00000)
 Metaspace       used 151478K, capacity 158134K, committed 158464K, reserved 1187840K
  class space    used 19124K, capacity 20365K, committed 20480K, reserved 1048576K
Event: 1035.121 GC heap after
Heap after GC invocations=58 (full 5):
 PSYoungGen      total 634368K, used 30933K [0x00000000d5580000, 0x0000000100000000, 0x0000000100000000)
  eden space 569856K, 0% used [0x00000000d5580000,0x00000000d5580000,0x00000000f8200000)
  from space 64512K, 47% used [0x00000000f8200000,0x00000000fa0355c0,0x00000000fc100000)
  to   space 62464K, 0% used [0x00000000fc300000,0x00000000fc300000,0x0000000100000000)
 ParOldGen       total 289792K, used 187988K [0x0000000080000000, 0x0000000091b00000, 0x00000000d5580000)
  object space 289792K, 64% used [0x0000000080000000,0x000000008b795358,0x0000000091b00000)
 Metaspace       used 151478K, capacity 158134K, committed 158464K, reserved 1187840K
  class space    used 19124K, capacity 20365K, committed 20480K, reserved 1048576K
}
Event: 1400.517 GC heap before
{Heap before GC invocations=59 (full 5):
 PSYoungGen      total 634368K, used 600789K [0x00000000d5580000, 0x0000000100000000, 0x0000000100000000)
  eden space 569856K, 100% used [0x00000000d5580000,0x00000000f8200000,0x00000000f8200000)
  from space 64512K, 47% used [0x00000000f8200000,0x00000000fa0355c0,0x00000000fc100000)
  to   space 62464K, 0% used [0x00000000fc300000,0x00000000fc300000,0x0000000100000000)
 ParOldGen       total 289792K, used 187988K [0x0000000080000000, 0x0000000091b00000, 0x00000000d5580000)
  object space 289792K, 64% used [0x0000000080000000,0x000000008b795358,0x0000000091b00000)
 Metaspace       used 159198K, capacity 166740K, committed 167040K, reserved 1193984K
  class space    used 20187K, capacity 21571K, committed 21632K, reserved 1048576K
Event: 1400.565 GC heap after
Heap after GC invocations=59 (full 5):
 PSYoungGen      total 627200K, used 28797K [0x00000000d5580000, 0x00000000ff900000, 0x0000000100000000)
  eden space 571904K, 0% used [0x00000000d5580000,0x00000000d5580000,0x00000000f8400000)
  from space 55296K, 52% used [0x00000000fc300000,0x00000000fdf1f5b0,0x00000000ff900000)
  to   space 59904K, 0% used [0x00000000f8400000,0x00000000f8400000,0x00000000fbe80000)
 ParOldGen       total 289792K, used 187996K [0x0000000080000000, 0x0000000091b00000, 0x00000000d5580000)
  object space 289792K, 64% used [0x0000000080000000,0x000000008b797358,0x0000000091b00000)
 Metaspace       used 159198K, capacity 166740K, committed 167040K, reserved 1193984K
  class space    used 20187K, capacity 21571K, committed 21632K, reserved 1048576K
}

